<?xml version="1.0" encoding="UTF-8"?>
<!-- Generated by org.testng.reporters.JUnitReportReporter -->
<testsuite hostname="TTNPL-RahulRanjan" failures="0" tests="4" name="newmeven.App1" time="0.011" errors="0" timestamp="2023-04-12T20:34:20 IST" skipped="0">
  <testcase classname="newmeven.App1" name="calTest2" time="0.001"/>
  <system-out/>
  <testcase classname="newmeven.App1" name="calTest4" time="0.001"/>
  <system-out/>
  <testcase classname="newmeven.App1" name="calTest1" time="0.008"/>
  <system-out/>
  <testcase classname="newmeven.App1" name="calTest3" time="0.001"/>
  <system-out/>
</testsuite> <!-- newmeven.App1 -->
